<?xml version="1.0" encoding="UTF-8"?>
<coverage generated="1672424899556" clover="3.2.0">
  <project timestamp="1672424899556" name="All files">
    <metrics statements="17" coveredstatements="17" conditionals="13" coveredconditionals="13" methods="5" coveredmethods="5" elements="35" coveredelements="35" complexity="0" loc="17" ncloc="17" packages="1" files="1" classes="1"/>
    <file name="classes.ts" path="/Users/prince.patel/Demos/packages/utils/src/classes.ts">
      <metrics statements="17" coveredstatements="17" conditionals="13" coveredconditionals="13" methods="5" coveredmethods="5"/>
      <line num="14" count="1" type="cond" truecount="1" falsecount="0"/>
      <line num="15" count="12" type="stmt"/>
      <line num="18" count="1" type="cond" truecount="1" falsecount="0"/>
      <line num="19" count="7" type="cond" truecount="4" falsecount="0"/>
      <line num="20" count="6" type="cond" truecount="1" falsecount="0"/>
      <line num="21" count="1" type="stmt"/>
      <line num="23" count="5" type="stmt"/>
      <line num="24" count="7" type="stmt"/>
      <line num="28" count="1" type="cond" truecount="1" falsecount="0"/>
      <line num="29" count="5" type="stmt"/>
      <line num="31" count="5" type="cond" truecount="2" falsecount="0"/>
      <line num="32" count="2" type="stmt"/>
      <line num="34" count="3" type="stmt"/>
      <line num="35" count="7" type="cond" truecount="1" falsecount="0"/>
      <line num="39" count="5" type="cond" truecount="2" falsecount="0"/>
      <line num="40" count="1" type="stmt"/>
      <line num="42" count="4" type="stmt"/>
    </file>
  </project>
</coverage>
