{"/Users/prince.patel/Demos/packages/utils/src/classes.ts": {"path":"/Users/prince.patel/Demos/packages/utils/src/classes.ts","statementMap":{"0":{"start":{"line":14,"column":38},"end":{"line":16,"column":1}},"1":{"start":{"line":15,"column":1},"end":{"line":15,"column":null}},"2":{"start":{"line":14,"column":13},"end":{"line":14,"column":38}},"3":{"start":{"line":18,"column":38},"end":{"line":26,"column":1}},"4":{"start":{"line":19,"column":1},"end":{"line":19,"column":null}},"5":{"start":{"line":19,"column":57},"end":{"line":19,"column":null}},"6":{"start":{"line":20,"column":1},"end":{"line":22,"column":null}},"7":{"start":{"line":21,"column":2},"end":{"line":21,"column":null}},"8":{"start":{"line":23,"column":1},"end":{"line":25,"column":null}},"9":{"start":{"line":24,"column":33},"end":{"line":24,"column":64}},"10":{"start":{"line":18,"column":13},"end":{"line":18,"column":38}},"11":{"start":{"line":28,"column":36},"end":{"line":44,"column":1}},"12":{"start":{"line":29,"column":30},"end":{"line":29,"column":32}},"13":{"start":{"line":31,"column":1},"end":{"line":37,"column":null}},"14":{"start":{"line":32,"column":2},"end":{"line":32,"column":null}},"15":{"start":{"line":34,"column":2},"end":{"line":36,"column":null}},"16":{"start":{"line":35,"column":3},"end":{"line":35,"column":null}},"17":{"start":{"line":35,"column":31},"end":{"line":35,"column":null}},"18":{"start":{"line":39,"column":1},"end":{"line":43,"column":null}},"19":{"start":{"line":40,"column":2},"end":{"line":40,"column":null}},"20":{"start":{"line":42,"column":2},"end":{"line":42,"column":null}},"21":{"start":{"line":28,"column":13},"end":{"line":28,"column":36}}},"fnMap":{"0":{"name":"(anonymous_0)","decl":{"start":{"line":14,"column":38},"end":{"line":14,"column":39}},"loc":{"start":{"line":14,"column":57},"end":{"line":16,"column":1}}},"1":{"name":"(anonymous_1)","decl":{"start":{"line":18,"column":38},"end":{"line":18,"column":39}},"loc":{"start":{"line":18,"column":65},"end":{"line":26,"column":1}}},"2":{"name":"(anonymous_2)","decl":{"start":{"line":24,"column":16},"end":{"line":24,"column":17}},"loc":{"start":{"line":24,"column":33},"end":{"line":24,"column":64}}},"3":{"name":"(anonymous_3)","decl":{"start":{"line":28,"column":36},"end":{"line":28,"column":37}},"loc":{"start":{"line":28,"column":78},"end":{"line":44,"column":1}}},"4":{"name":"(anonymous_4)","decl":{"start":{"line":34,"column":33},"end":{"line":34,"column":34}},"loc":{"start":{"line":34,"column":49},"end":{"line":36,"column":3}}}},"branchMap":{"0":{"loc":{"start":{"line":14,"column":39},"end":{"line":14,"column":53}},"type":"default-arg","locations":[{"start":{"line":14,"column":51},"end":{"line":14,"column":53}}]},"1":{"loc":{"start":{"line":18,"column":47},"end":{"line":18,"column":61}},"type":"default-arg","locations":[{"start":{"line":18,"column":59},"end":{"line":18,"column":61}}]},"2":{"loc":{"start":{"line":19,"column":1},"end":{"line":19,"column":null}},"type":"if","locations":[{"start":{"line":19,"column":1},"end":{"line":19,"column":null}}]},"3":{"loc":{"start":{"line":19,"column":5},"end":{"line":19,"column":55}},"type":"binary-expr","locations":[{"start":{"line":19,"column":5},"end":{"line":19,"column":15}},{"start":{"line":19,"column":20},"end":{"line":19,"column":29}},{"start":{"line":19,"column":33},"end":{"line":19,"column":54}}]},"4":{"loc":{"start":{"line":20,"column":1},"end":{"line":22,"column":null}},"type":"if","locations":[{"start":{"line":20,"column":1},"end":{"line":22,"column":null}}]},"5":{"loc":{"start":{"line":28,"column":56},"end":{"line":28,"column":74}},"type":"default-arg","locations":[{"start":{"line":28,"column":72},"end":{"line":28,"column":74}}]},"6":{"loc":{"start":{"line":31,"column":1},"end":{"line":37,"column":null}},"type":"if","locations":[{"start":{"line":31,"column":1},"end":{"line":37,"column":null}},{"start":{"line":33,"column":8},"end":{"line":37,"column":null}}]},"7":{"loc":{"start":{"line":35,"column":3},"end":{"line":35,"column":null}},"type":"if","locations":[{"start":{"line":35,"column":3},"end":{"line":35,"column":null}}]},"8":{"loc":{"start":{"line":39,"column":1},"end":{"line":43,"column":null}},"type":"if","locations":[{"start":{"line":39,"column":1},"end":{"line":43,"column":null}},{"start":{"line":41,"column":8},"end":{"line":43,"column":null}}]}},"s":{"0":1,"1":12,"2":1,"3":1,"4":7,"5":1,"6":6,"7":1,"8":5,"9":7,"10":1,"11":1,"12":5,"13":5,"14":2,"15":3,"16":7,"17":4,"18":5,"19":1,"20":4,"21":1},"f":{"0":12,"1":7,"2":7,"3":5,"4":7},"b":{"0":[1],"1":[1],"2":[1],"3":[7,6,6],"4":[1],"5":[4],"6":[2,3],"7":[4],"8":[1,4]}}
}
