TN:
SF:src/classes.ts
FN:14,(anonymous_0)
FN:18,(anonymous_1)
FN:24,(anonymous_2)
FN:28,(anonymous_3)
FN:34,(anonymous_4)
FNF:5
FNH:5
FNDA:12,(anonymous_0)
FNDA:7,(anonymous_1)
FNDA:7,(anonymous_2)
FNDA:5,(anonymous_3)
FNDA:7,(anonymous_4)
DA:14,1
DA:15,12
DA:18,1
DA:19,7
DA:20,6
DA:21,1
DA:23,5
DA:24,7
DA:28,1
DA:29,5
DA:31,5
DA:32,2
DA:34,3
DA:35,7
DA:39,5
DA:40,1
DA:42,4
LF:17
LH:17
BRDA:14,0,0,1
BRDA:18,1,0,1
BRDA:19,2,0,1
BRDA:19,3,0,7
BRDA:19,3,1,6
BRDA:19,3,2,6
BRDA:20,4,0,1
BRDA:28,5,0,4
BRDA:31,6,0,2
BRDA:31,6,1,3
BRDA:35,7,0,4
BRDA:39,8,0,1
BRDA:39,8,1,4
BRF:13
BRH:13
end_of_record
